<?xml version="1.0" encoding="UTF-8"?>
<!-- Generated by org.testng.reporters.JUnitReportReporter -->
<testsuite hostname="DESKTOP-N8FLDK2" failures="0" tests="2" name="testDemo.testNG" time="8.512" errors="0" timestamp="2025-08-13T12:10:05 IST" skipped="0">
  <testcase classname="testDemo.testNG" name="registerNewUser" time="5.380"/>
  <testcase classname="testDemo.testNG" name="launchGoogle" time="3.132"/>
</testsuite> <!-- testDemo.testNG -->
