<?xml version="1.0" encoding="UTF-8"?>
<!-- Generated by org.testng.reporters.JUnitReportReporter -->
<testsuite hostname="DESKTOP-4BLT3CT" failures="0" tests="3" name="runner.TestRunner" time="20.329" errors="0" timestamp="2025-08-20T17:28:00 IST" skipped="0">
  <testcase classname="runner.TestRunner" name="runScenario" time="5.925"/>
  <testcase classname="runner.TestRunner" name="runScenario" time="6.043"/>
  <testcase classname="runner.TestRunner" name="runScenario" time="8.361"/>
</testsuite> <!-- runner.TestRunner -->
