<?xml version="1.0" encoding="UTF-8"?>
<!-- Generated by org.testng.reporters.JUnitReportReporter -->
<testsuite hostname="DESKTOP-4BLT3CT" failures="0" tests="2" name="runner.TestRunner1" time="19.262" errors="0" timestamp="2025-08-21T15:20:55 IST" skipped="0">
  <testcase classname="runner.TestRunner1" name="runScenario" time="10.480"/>
  <testcase classname="runner.TestRunner1" name="runScenario" time="8.782"/>
</testsuite> <!-- runner.TestRunner1 -->
