<?xml version="1.0" encoding="UTF-8"?>
<!-- Generated by org.testng.reporters.JUnitReportReporter -->
<testsuite hostname="DESKTOP-N8FLDK2" failures="0" tests="2" name="testDemo.Annotation" time="6.884" errors="0" timestamp="2025-08-13T23:38:48 IST" skipped="0">
  <testcase classname="testDemo.Annotation" name="verifypage" time="3.291"/>
  <testcase classname="testDemo.Annotation" name="LoginTest" time="3.593"/>
</testsuite> <!-- testDemo.Annotation -->
