<?xml version="1.0" encoding="UTF-8"?>
<!-- Generated by org.testng.reporters.JUnitReportReporter -->
<testsuite hostname="DESKTOP-N8FLDK2" failures="0" tests="2" name="testDemo.testNG" time="7.147" errors="0" timestamp="2025-08-13T17:03:07 IST" skipped="0">
  <testcase classname="testDemo.testNG" name="registerNewUser" time="5.235"/>
  <testcase classname="testDemo.testNG" name="launchGoogle" time="1.912"/>
</testsuite> <!-- testDemo.testNG -->
