<?xml version="1.0" encoding="UTF-8"?>
<!-- Generated by org.testng.reporters.JUnitReportReporter -->
<testsuite hostname="DESKTOP-N8FLDK2" failures="0" tests="4" name="testDemo.AnnotationsWebOrders" time="28.983" errors="0" timestamp="2025-08-14T23:01:41 IST" skipped="1">
  <testcase classname="testDemo.AnnotationsWebOrders" name="verifyHomePage" time="2.016"/>
  <testcase classname="testDemo.AnnotationsWebOrders" name="viewAllOrders" time="7.585"/>
  <testcase classname="testDemo.AnnotationsWebOrders" name="placeOrder" time="19.382"/>
  <testcase classname="testDemo.AnnotationsWebOrders" name="viewAllProducts">
    <skipped/>
  </testcase> <!-- viewAllProducts -->
</testsuite> <!-- testDemo.AnnotationsWebOrders -->
