<?xml version="1.0" encoding="UTF-8"?>
<!-- Generated by org.testng.reporters.JUnitReportReporter -->
<testsuite hostname="DESKTOP-N8FLDK2" failures="0" tests="1" name="testDemo.LoginPage" time="0.745" errors="0" timestamp="2025-08-13T21:51:46 IST" skipped="0">
  <testcase classname="testDemo.LoginPage" name="validLoginAndAddToCart" time="0.745"/>
</testsuite> <!-- testDemo.LoginPage -->
