<?xml version="1.0" encoding="UTF-8"?>
<!-- Generated by org.testng.reporters.JUnitReportReporter -->
<testsuite hostname="DESKTOP-4BLT3CT" failures="0" tests="1" name="com.nopcommerce.tests.NewsletterTest" time="2.766" errors="0" timestamp="2025-09-08T19:21:56 IST" skipped="0">
  <testcase classname="com.nopcommerce.tests.NewsletterTest" name="testSubscribeNewsletter" time="2.766"/>
</testsuite> <!-- com.nopcommerce.tests.NewsletterTest -->
