<?xml version="1.0" encoding="UTF-8"?>
<!-- Generated by org.testng.reporters.JUnitReportReporter -->
<testsuite hostname="DESKTOP-4BLT3CT" failures="0" tests="1" name="com.nopcommerce.tests.CurrencyTest" time="245.536" errors="0" timestamp="2025-09-08T19:21:56 IST" skipped="0">
  <testcase classname="com.nopcommerce.tests.CurrencyTest" name="testSelectCurrency" time="245.536"/>
</testsuite> <!-- com.nopcommerce.tests.CurrencyTest -->
