<?xml version="1.0" encoding="UTF-8"?>
<!-- Generated by org.testng.reporters.JUnitReportReporter -->
<testsuite hostname="DESKTOP-4BLT3CT" failures="0" tests="2" name="com.nopcommerce.tests.ProductTest" time="9.227" errors="0" timestamp="2025-09-08T19:21:56 IST" skipped="0">
  <testcase classname="com.nopcommerce.tests.ProductTest" name="testAddProductToCart" time="4.035"/>
  <testcase classname="com.nopcommerce.tests.ProductTest" name="testAddProductToWishlist" time="5.192"/>
</testsuite> <!-- com.nopcommerce.tests.ProductTest -->
