<?xml version="1.0" encoding="UTF-8"?>
<!-- Generated by org.testng.reporters.JUnitReportReporter -->
<testsuite hostname="DESKTOP-4BLT3CT" failures="0" tests="2" name="com.nopcommerce.tests.SearchTest" time="51.424" errors="0" timestamp="2025-09-08T19:21:56 IST" skipped="0">
  <testcase classname="com.nopcommerce.tests.SearchTest" name="testInvalidSearch_NoProductFound" time="1.620"/>
  <testcase classname="com.nopcommerce.tests.SearchTest" name="testValidSearchAndClickProduct" time="49.804"/>
</testsuite> <!-- com.nopcommerce.tests.SearchTest -->
