<?xml version="1.0" encoding="UTF-8"?>
<!-- Generated by org.testng.reporters.JUnitReportReporter -->
<testsuite hostname="DESKTOP-4BLT3CT" failures="0" tests="1" name="com.nopcommerce.tests.ShoppingCartTest" time="8.779" errors="0" timestamp="2025-09-08T19:21:56 IST" skipped="0">
  <testcase classname="com.nopcommerce.tests.ShoppingCartTest" name="testOpenShoppingCartAndTickTerms" time="8.779"/>
</testsuite> <!-- com.nopcommerce.tests.ShoppingCartTest -->
